
WEC-Sim Input From Standard wecSimInputFile.m Of Case Directory... 
WEC-Sim: An open-source code for simulating wave energy converters
Version: 6.0

Initializing the Simulation Class...
	Case Dir: C:\Users\akash\OneDrive\Documents\GitHub\WEC-Sim\examples\OSWEC 
Elapsed time is 0.467705 seconds.

WEC-Sim Pre-processing ...   
Elapsed time is 1.821442 seconds.

WEC-Sim Simulation Settings:
	Start Time                     (sec) = 0
	End Time                       (sec) = 400
	Time Step Size                 (sec) = 0.1
	Ramp Function Time             (sec) = 100
	Convolution Integral Interval  (sec) = 30
	 Number of Time Steps     = 4000 

Wave Environment: 
	Wave Type                            = Irregular Waves (Arbitrary Random Phase)
	Spectrum Type                        = Pierson-Moskowitz  
	Significant Wave Height, Hs      (m) = 2.5
	Peak Wave Period, Tp           (sec) = 8

List of Body: Number of Bodies = 2 

	***** Body Number 1, Name: flap *****
	Body CG                          (m) = [0,0,-3.9]
	Body Mass                       (kg) = 127000 
	Body Moments of Inertia       (kgm2) = [1.85E+06,1.85E+06,1.85E+06]
	Body Products of Inertia      (kgm2) = [0,0,0]

	***** Body Number 2, Name: base *****
	Body CG                          (m) = [0,0,-10.9]
	Body Mass                       (kg) = 999 
	Body Moments of Inertia       (kgm2) = [999,999,999]
	Body Products of Inertia      (kgm2) = [0,0,0]

List of PTO(s): Number of PTOs = 1 

	***** PTO Name: PTO1 *****
	PTO Stiffness           (N/m;Nm/rad) = 0
	PTO Damping           (Ns/m;Nsm/rad) = 12000

List of Constraint(s): Number of Constraints = 1 

	***** Constraint Name: Constraint1 *****


Simulating the WEC device defined in the SimMechanics model C:\Users\akash\OneDrive\Documents\GitHub\WEC-Sim\examples\OSWEC\OSWEC.slx...   
{Error using <a href="matlab:matlab.internal.language.introspective.errorDocCallback('simulationClass/loadSimMechModel', 'C:\Users\akash\OneDrive\Documents\GitHub\WEC-Sim\source\objects\simulationClass.m', 218)" style="font-weight:bold">simulationClass/loadSimMechModel</a> (<a href="matlab: opentoline('C:\Users\akash\OneDrive\Documents\GitHub\WEC-Sim\source\objects\simulationClass.m',218,0)">line 218</a>)
block_diagram does not have a parameter named 'SimMechanicsOpenEditorOnUpdate'

Error in <a href="matlab:matlab.internal.language.introspective.errorDocCallback('initializeWecSim', 'C:\Users\akash\OneDrive\Documents\GitHub\WEC-Sim\source\functions\initializeWecSim.m', 530)" style="font-weight:bold">initializeWecSim</a> (<a href="matlab: opentoline('C:\Users\akash\OneDrive\Documents\GitHub\WEC-Sim\source\functions\initializeWecSim.m',530,0)">line 530</a>)
simu.loadSimMechModel(simu.simMechanicsFile);

Error in <a href="matlab:matlab.internal.language.introspective.errorDocCallback('run', 'C:\Program Files\MATLAB\R2021a\toolbox\matlab\lang\run.m', 91)" style="font-weight:bold">run</a> (<a href="matlab: opentoline('C:\Program Files\MATLAB\R2021a\toolbox\matlab\lang\run.m',91,0)">line 91</a>)
evalin('caller', strcat(script, ';'));

Error in <a href="matlab:matlab.internal.language.introspective.errorDocCallback('wecSim', 'C:\Users\akash\OneDrive\Documents\GitHub\WEC-Sim\source\wecSim.m', 43)" style="font-weight:bold">wecSim</a> (<a href="matlab: opentoline('C:\Users\akash\OneDrive\Documents\GitHub\WEC-Sim\source\wecSim.m',43,0)">line 43</a>)
run('initializeWecSim'); - <a href="matlab:interactive_actions_helper.displayMStack([struct('file','C:\Users\akash\OneDrive\Documents\GitHub\WEC-Sim\source\objects\simulationClass.m','line',218,'name','simulationClass>simulationClass.loadSimMechModel'),struct('file','C:\Users\akash\OneDrive\Documents\GitHub\WEC-Sim\source\functions\initializeWecSim.m','line',530,'name','initializeWecSim'),struct('file','C:\Program Files\MATLAB\R2021a\toolbox\matlab\lang\run.m','line',91,'name','run'),struct('file','C:\Users\akash\OneDrive\Documents\GitHub\WEC-Sim\source\wecSim.m','line',43,'name','wecSim')]);">Show complete stack trace</a>
} 
