
WEC-Sim Input From Standard wecSimInputFile.m Of Case Directory... 
WEC-Sim: An open-source code for simulating wave energy converters
Version: 6.0

Initializing the Simulation Class...
	Case Dir: C:\Users\akash\OneDrive\Documents\GitHub\WEC-Sim\examples\MECC Buoy with MoorDyn 
Elapsed time is 0.558052 seconds.

WEC-Sim Pre-processing ...   
[Warning: Removed 'C:\Users\akash\OneDrive\Documents\GitHub\WEC-Sim\examples\MECC Buoy with
MoorDyn\output' from the MATLAB path for this MATLAB session.
	See 'doc path' for more information.] 
[> In <a href="matlab:matlab.internal.language.introspective.errorDocCallback('simulationClass/setup', 'C:\Users\akash\OneDrive\Documents\GitHub\WEC-Sim\source\objects\simulationClass.m', 184)" style="font-weight:bold">simulationClass/setup</a> (<a href="matlab: opentoline('C:\Users\akash\OneDrive\Documents\GitHub\WEC-Sim\source\objects\simulationClass.m',184,0)">line 184</a>)
In <a href="matlab:matlab.internal.language.introspective.errorDocCallback('initializeWecSim', 'C:\Users\akash\OneDrive\Documents\GitHub\WEC-Sim\source\functions\initializeWecSim.m', 246)" style="font-weight:bold">initializeWecSim</a> (<a href="matlab: opentoline('C:\Users\akash\OneDrive\Documents\GitHub\WEC-Sim\source\functions\initializeWecSim.m',246,0)">line 246</a>)
In <a href="matlab:matlab.internal.language.introspective.errorDocCallback('run', 'C:\Program Files\MATLAB\R2021a\toolbox\matlab\lang\run.m', 91)" style="font-weight:bold">run</a> (<a href="matlab: opentoline('C:\Program Files\MATLAB\R2021a\toolbox\matlab\lang\run.m',91,0)">line 91</a>)
In <a href="matlab:matlab.internal.language.introspective.errorDocCallback('wecSim', 'C:\Users\akash\OneDrive\Documents\GitHub\WEC-Sim\source\wecSim.m', 43)" style="font-weight:bold">wecSim</a> (<a href="matlab: opentoline('C:\Users\akash\OneDrive\Documents\GitHub\WEC-Sim\source\wecSim.m',43,0)">line 43</a>)] 
	Infinite water depth specified in BEM and "waves.waterDepth" not specified in input file.
Set water depth to 200m for visualization.
Elapsed time is 1.006113 seconds.

WEC-Sim Simulation Settings:
	Start Time                     (sec) = 0
	End Time                       (sec) = 100
	Time Step Size                 (sec) = 0.01
	Ramp Function Time             (sec) = 10
	Convolution Integral Interval  (sec) = 1
	 Number of Time Steps     = 10000 

Wave Environment: 
	Wave Type                            = Irregular Waves (Arbitrary Random Phase)
	Spectrum Type                        = Pierson-Moskowitz  
	Significant Wave Height, Hs      (m) = 2.5
	Peak Wave Period, Tp           (sec) = 8

List of Body: Number of Bodies = 1 

	***** Body Number 1, Name: buoyhull *****
	Body CG                          (m) = [0,0,0]
	Body Mass                       (kg) = 122.7 
	Body Moments of Inertia       (kgm2) = [25.96,25.96,36.96]
	Body Products of Inertia      (kgm2) = [0,0,0]

List of PTO(s): No PTO in the system

List of Constraint(s): Number of Constraints = 1 

	***** Constraint Name: Constraint1 *****


Simulating the WEC device defined in the SimMechanics model C:\Users\akash\OneDrive\Documents\GitHub\WEC-Sim\examples\MECC Buoy with MoorDyn\MECC_Buoy.slx...   
Elapsed time is 0.202502 seconds.
---------------Starting MoorDyn-----------
MoorDyn Initialized. Now time stepping...
Elapsed time is 21.495013 seconds.

Post-processing and saving...   
Elapsed time is 2.129906 seconds.
